[2025-04-14 08:07:00] local.ERROR: Undefined variable $tasks (View: /nfs/home/shaiidyrov.sergeii/php-learning/laravel/todo-list/resources/views/index.blade.php) {"exception":"[object] (Illuminate\\View\\ViewException(code: 0): Undefined variable $tasks (View: /nfs/home/shaiidyrov.sergeii/php-learning/laravel/todo-list/resources/views/index.blade.php) at /nfs/home/shaiidyrov.sergeii/php-learning/laravel/todo-list/storage/framework/views/e3872f00244e186cdfcf2bf56c579d0c.php:76)
[stacktrace]
#0 /nfs/home/shaiidyrov.sergeii/php-learning/laravel/todo-list/vendor/laravel/framework/src/Illuminate/View/Engines/PhpEngine.php(59): Illuminate\\View\\Engines\\CompilerEngine->handleViewException()
#1 /nfs/home/shaiidyrov.sergeii/php-learning/laravel/todo-list/vendor/laravel/framework/src/Illuminate/View/Engines/CompilerEngine.php(74): Illuminate\\View\\Engines\\PhpEngine->evaluatePath()
#2 /nfs/home/shaiidyrov.sergeii/php-learning/laravel/todo-list/vendor/laravel/framework/src/Illuminate/View/View.php(208): Illuminate\\View\\Engines\\CompilerEngine->get()
#3 /nfs/home/shaiidyrov.sergeii/php-learning/laravel/todo-list/vendor/laravel/framework/src/Illuminate/View/View.php(191): Illuminate\\View\\View->getContents()
#4 /nfs/home/shaiidyrov.sergeii/php-learning/laravel/todo-list/vendor/laravel/framework/src/Illuminate/View/View.php(160): Illuminate\\View\\View->renderContents()
#5 /nfs/home/shaiidyrov.sergeii/php-learning/laravel/todo-list/vendor/laravel/framework/src/Illuminate/Http/Response.php(78): Illuminate\\View\\View->render()
#6 /nfs/home/shaiidyrov.sergeii/php-learning/laravel/todo-list/vendor/laravel/framework/src/Illuminate/Http/Response.php(34): Illuminate\\Http\\Response->setContent()
#7 /nfs/home/shaiidyrov.sergeii/php-learning/laravel/todo-list/vendor/laravel/framework/src/Illuminate/Routing/Router.php(924): Illuminate\\Http\\Response->__construct()
#8 /nfs/home/shaiidyrov.sergeii/php-learning/laravel/todo-list/vendor/laravel/framework/src/Illuminate/Routing/Router.php(891): Illuminate\\Routing\\Router::toResponse()
#9 /nfs/home/shaiidyrov.sergeii/php-learning/laravel/todo-list/vendor/laravel/framework/src/Illuminate/Routing/Router.php(807): Illuminate\\Routing\\Router->prepareResponse()
#10 /nfs/home/shaiidyrov.sergeii/php-learning/laravel/todo-list/vendor/laravel/framework/src/Illuminate/Pipeline/Pipeline.php(169): Illuminate\\Routing\\Router->Illuminate\\Routing\\{closure}()
#11 /nfs/home/shaiidyrov.sergeii/php-learning/laravel/todo-list/vendor/laravel/framework/src/Illuminate/Routing/Middleware/SubstituteBindings.php(50): Illuminate\\Pipeline\\Pipeline->Illuminate\\Pipeline\\{closure}()
#12 /nfs/home/shaiidyrov.sergeii/php-learning/laravel/todo-list/vendor/laravel/framework/src/Illuminate/Pipeline/Pipeline.php(208): Illuminate\\Routing\\Middleware\\SubstituteBindings->handle()
#13 /nfs/home/shaiidyrov.sergeii/php-learning/laravel/todo-list/vendor/laravel/framework/src/Illuminate/Foundation/Http/Middleware/VerifyCsrfToken.php(87): Illuminate\\Pipeline\\Pipeline->Illuminate\\Pipeline\\{closure}()
#14 /nfs/home/shaiidyrov.sergeii/php-learning/laravel/todo-list/vendor/laravel/framework/src/Illuminate/Pipeline/Pipeline.php(208): Illuminate\\Foundation\\Http\\Middleware\\VerifyCsrfToken->handle()
#15 /nfs/home/shaiidyrov.sergeii/php-learning/laravel/todo-list/vendor/laravel/framework/src/Illuminate/View/Middleware/ShareErrorsFromSession.php(48): Illuminate\\Pipeline\\Pipeline->Illuminate\\Pipeline\\{closure}()
#16 /nfs/home/shaiidyrov.sergeii/php-learning/laravel/todo-list/vendor/laravel/framework/src/Illuminate/Pipeline/Pipeline.php(208): Illuminate\\View\\Middleware\\ShareErrorsFromSession->handle()
#17 /nfs/home/shaiidyrov.sergeii/php-learning/laravel/todo-list/vendor/laravel/framework/src/Illuminate/Session/Middleware/StartSession.php(120): Illuminate\\Pipeline\\Pipeline->Illuminate\\Pipeline\\{closure}()
#18 /nfs/home/shaiidyrov.sergeii/php-learning/laravel/todo-list/vendor/laravel/framework/src/Illuminate/Session/Middleware/StartSession.php(63): Illuminate\\Session\\Middleware\\StartSession->handleStatefulRequest()
#19 /nfs/home/shaiidyrov.sergeii/php-learning/laravel/todo-list/vendor/laravel/framework/src/Illuminate/Pipeline/Pipeline.php(208): Illuminate\\Session\\Middleware\\StartSession->handle()
#20 /nfs/home/shaiidyrov.sergeii/php-learning/laravel/todo-list/vendor/laravel/framework/src/Illuminate/Cookie/Middleware/AddQueuedCookiesToResponse.php(36): Illuminate\\Pipeline\\Pipeline->Illuminate\\Pipeline\\{closure}()
#21 /nfs/home/shaiidyrov.sergeii/php-learning/laravel/todo-list/vendor/laravel/framework/src/Illuminate/Pipeline/Pipeline.php(208): Illuminate\\Cookie\\Middleware\\AddQueuedCookiesToResponse->handle()
#22 /nfs/home/shaiidyrov.sergeii/php-learning/laravel/todo-list/vendor/laravel/framework/src/Illuminate/Cookie/Middleware/EncryptCookies.php(74): Illuminate\\Pipeline\\Pipeline->Illuminate\\Pipeline\\{closure}()
#23 /nfs/home/shaiidyrov.sergeii/php-learning/laravel/todo-list/vendor/laravel/framework/src/Illuminate/Pipeline/Pipeline.php(208): Illuminate\\Cookie\\Middleware\\EncryptCookies->handle()
#24 /nfs/home/shaiidyrov.sergeii/php-learning/laravel/todo-list/vendor/laravel/framework/src/Illuminate/Pipeline/Pipeline.php(126): Illuminate\\Pipeline\\Pipeline->Illuminate\\Pipeline\\{closure}()
#25 /nfs/home/shaiidyrov.sergeii/php-learning/laravel/todo-list/vendor/laravel/framework/src/Illuminate/Routing/Router.php(807): Illuminate\\Pipeline\\Pipeline->then()
#26 /nfs/home/shaiidyrov.sergeii/php-learning/laravel/todo-list/vendor/laravel/framework/src/Illuminate/Routing/Router.php(786): Illuminate\\Routing\\Router->runRouteWithinStack()
#27 /nfs/home/shaiidyrov.sergeii/php-learning/laravel/todo-list/vendor/laravel/framework/src/Illuminate/Routing/Router.php(750): Illuminate\\Routing\\Router->runRoute()
#28 /nfs/home/shaiidyrov.sergeii/php-learning/laravel/todo-list/vendor/laravel/framework/src/Illuminate/Routing/Router.php(739): Illuminate\\Routing\\Router->dispatchToRoute()
#29 /nfs/home/shaiidyrov.sergeii/php-learning/laravel/todo-list/vendor/laravel/framework/src/Illuminate/Foundation/Http/Kernel.php(200): Illuminate\\Routing\\Router->dispatch()
#30 /nfs/home/shaiidyrov.sergeii/php-learning/laravel/todo-list/vendor/laravel/framework/src/Illuminate/Pipeline/Pipeline.php(169): Illuminate\\Foundation\\Http\\Kernel->Illuminate\\Foundation\\Http\\{closure}()
#31 /nfs/home/shaiidyrov.sergeii/php-learning/laravel/todo-list/vendor/laravel/framework/src/Illuminate/Foundation/Http/Middleware/TransformsRequest.php(21): Illuminate\\Pipeline\\Pipeline->Illuminate\\Pipeline\\{closure}()
#32 /nfs/home/shaiidyrov.sergeii/php-learning/laravel/todo-list/vendor/laravel/framework/src/Illuminate/Foundation/Http/Middleware/ConvertEmptyStringsToNull.php(31): Illuminate\\Foundation\\Http\\Middleware\\TransformsRequest->handle()
#33 /nfs/home/shaiidyrov.sergeii/php-learning/laravel/todo-list/vendor/laravel/framework/src/Illuminate/Pipeline/Pipeline.php(208): Illuminate\\Foundation\\Http\\Middleware\\ConvertEmptyStringsToNull->handle()
#34 /nfs/home/shaiidyrov.sergeii/php-learning/laravel/todo-list/vendor/laravel/framework/src/Illuminate/Foundation/Http/Middleware/TransformsRequest.php(21): Illuminate\\Pipeline\\Pipeline->Illuminate\\Pipeline\\{closure}()
#35 /nfs/home/shaiidyrov.sergeii/php-learning/laravel/todo-list/vendor/laravel/framework/src/Illuminate/Foundation/Http/Middleware/TrimStrings.php(51): Illuminate\\Foundation\\Http\\Middleware\\TransformsRequest->handle()
#36 /nfs/home/shaiidyrov.sergeii/php-learning/laravel/todo-list/vendor/laravel/framework/src/Illuminate/Pipeline/Pipeline.php(208): Illuminate\\Foundation\\Http\\Middleware\\TrimStrings->handle()
#37 /nfs/home/shaiidyrov.sergeii/php-learning/laravel/todo-list/vendor/laravel/framework/src/Illuminate/Http/Middleware/ValidatePostSize.php(27): Illuminate\\Pipeline\\Pipeline->Illuminate\\Pipeline\\{closure}()
#38 /nfs/home/shaiidyrov.sergeii/php-learning/laravel/todo-list/vendor/laravel/framework/src/Illuminate/Pipeline/Pipeline.php(208): Illuminate\\Http\\Middleware\\ValidatePostSize->handle()
#39 /nfs/home/shaiidyrov.sergeii/php-learning/laravel/todo-list/vendor/laravel/framework/src/Illuminate/Foundation/Http/Middleware/PreventRequestsDuringMaintenance.php(109): Illuminate\\Pipeline\\Pipeline->Illuminate\\Pipeline\\{closure}()
#40 /nfs/home/shaiidyrov.sergeii/php-learning/laravel/todo-list/vendor/laravel/framework/src/Illuminate/Pipeline/Pipeline.php(208): Illuminate\\Foundation\\Http\\Middleware\\PreventRequestsDuringMaintenance->handle()
#41 /nfs/home/shaiidyrov.sergeii/php-learning/laravel/todo-list/vendor/laravel/framework/src/Illuminate/Http/Middleware/HandleCors.php(48): Illuminate\\Pipeline\\Pipeline->Illuminate\\Pipeline\\{closure}()
#42 /nfs/home/shaiidyrov.sergeii/php-learning/laravel/todo-list/vendor/laravel/framework/src/Illuminate/Pipeline/Pipeline.php(208): Illuminate\\Http\\Middleware\\HandleCors->handle()
#43 /nfs/home/shaiidyrov.sergeii/php-learning/laravel/todo-list/vendor/laravel/framework/src/Illuminate/Http/Middleware/TrustProxies.php(58): Illuminate\\Pipeline\\Pipeline->Illuminate\\Pipeline\\{closure}()
#44 /nfs/home/shaiidyrov.sergeii/php-learning/laravel/todo-list/vendor/laravel/framework/src/Illuminate/Pipeline/Pipeline.php(208): Illuminate\\Http\\Middleware\\TrustProxies->handle()
#45 /nfs/home/shaiidyrov.sergeii/php-learning/laravel/todo-list/vendor/laravel/framework/src/Illuminate/Foundation/Http/Middleware/InvokeDeferredCallbacks.php(22): Illuminate\\Pipeline\\Pipeline->Illuminate\\Pipeline\\{closure}()
#46 /nfs/home/shaiidyrov.sergeii/php-learning/laravel/todo-list/vendor/laravel/framework/src/Illuminate/Pipeline/Pipeline.php(208): Illuminate\\Foundation\\Http\\Middleware\\InvokeDeferredCallbacks->handle()
#47 /nfs/home/shaiidyrov.sergeii/php-learning/laravel/todo-list/vendor/laravel/framework/src/Illuminate/Http/Middleware/ValidatePathEncoding.php(26): Illuminate\\Pipeline\\Pipeline->Illuminate\\Pipeline\\{closure}()
#48 /nfs/home/shaiidyrov.sergeii/php-learning/laravel/todo-list/vendor/laravel/framework/src/Illuminate/Pipeline/Pipeline.php(208): Illuminate\\Http\\Middleware\\ValidatePathEncoding->handle()
#49 /nfs/home/shaiidyrov.sergeii/php-learning/laravel/todo-list/vendor/laravel/framework/src/Illuminate/Pipeline/Pipeline.php(126): Illuminate\\Pipeline\\Pipeline->Illuminate\\Pipeline\\{closure}()
#50 /nfs/home/shaiidyrov.sergeii/php-learning/laravel/todo-list/vendor/laravel/framework/src/Illuminate/Foundation/Http/Kernel.php(175): Illuminate\\Pipeline\\Pipeline->then()
#51 /nfs/home/shaiidyrov.sergeii/php-learning/laravel/todo-list/vendor/laravel/framework/src/Illuminate/Foundation/Http/Kernel.php(144): Illuminate\\Foundation\\Http\\Kernel->sendRequestThroughRouter()
#52 /nfs/home/shaiidyrov.sergeii/php-learning/laravel/todo-list/vendor/laravel/framework/src/Illuminate/Foundation/Application.php(1219): Illuminate\\Foundation\\Http\\Kernel->handle()
#53 /nfs/home/shaiidyrov.sergeii/php-learning/laravel/todo-list/public/index.php(20): Illuminate\\Foundation\\Application->handleRequest()
#54 /nfs/home/shaiidyrov.sergeii/php-learning/laravel/todo-list/vendor/laravel/framework/src/Illuminate/Foundation/resources/server.php(23): require_once('...')
#55 {main}

[previous exception] [object] (ErrorException(code: 0): Undefined variable $tasks at /nfs/home/shaiidyrov.sergeii/php-learning/laravel/todo-list/storage/framework/views/e3872f00244e186cdfcf2bf56c579d0c.php:76)
[stacktrace]
#0 /nfs/home/shaiidyrov.sergeii/php-learning/laravel/todo-list/vendor/laravel/framework/src/Illuminate/Foundation/Bootstrap/HandleExceptions.php(256): Illuminate\\Foundation\\Bootstrap\\HandleExceptions->handleError()
#1 /nfs/home/shaiidyrov.sergeii/php-learning/laravel/todo-list/storage/framework/views/e3872f00244e186cdfcf2bf56c579d0c.php(76): Illuminate\\Foundation\\Bootstrap\\HandleExceptions->Illuminate\\Foundation\\Bootstrap\\{closure}()
#2 /nfs/home/shaiidyrov.sergeii/php-learning/laravel/todo-list/vendor/laravel/framework/src/Illuminate/Filesystem/Filesystem.php(123): require('...')
#3 /nfs/home/shaiidyrov.sergeii/php-learning/laravel/todo-list/vendor/laravel/framework/src/Illuminate/Filesystem/Filesystem.php(124): Illuminate\\Filesystem\\Filesystem::Illuminate\\Filesystem\\{closure}()
#4 /nfs/home/shaiidyrov.sergeii/php-learning/laravel/todo-list/vendor/laravel/framework/src/Illuminate/View/Engines/PhpEngine.php(57): Illuminate\\Filesystem\\Filesystem->getRequire()
#5 /nfs/home/shaiidyrov.sergeii/php-learning/laravel/todo-list/vendor/laravel/framework/src/Illuminate/View/Engines/CompilerEngine.php(74): Illuminate\\View\\Engines\\PhpEngine->evaluatePath()
#6 /nfs/home/shaiidyrov.sergeii/php-learning/laravel/todo-list/vendor/laravel/framework/src/Illuminate/View/View.php(208): Illuminate\\View\\Engines\\CompilerEngine->get()
#7 /nfs/home/shaiidyrov.sergeii/php-learning/laravel/todo-list/vendor/laravel/framework/src/Illuminate/View/View.php(191): Illuminate\\View\\View->getContents()
#8 /nfs/home/shaiidyrov.sergeii/php-learning/laravel/todo-list/vendor/laravel/framework/src/Illuminate/View/View.php(160): Illuminate\\View\\View->renderContents()
#9 /nfs/home/shaiidyrov.sergeii/php-learning/laravel/todo-list/vendor/laravel/framework/src/Illuminate/Http/Response.php(78): Illuminate\\View\\View->render()
#10 /nfs/home/shaiidyrov.sergeii/php-learning/laravel/todo-list/vendor/laravel/framework/src/Illuminate/Http/Response.php(34): Illuminate\\Http\\Response->setContent()
#11 /nfs/home/shaiidyrov.sergeii/php-learning/laravel/todo-list/vendor/laravel/framework/src/Illuminate/Routing/Router.php(924): Illuminate\\Http\\Response->__construct()
#12 /nfs/home/shaiidyrov.sergeii/php-learning/laravel/todo-list/vendor/laravel/framework/src/Illuminate/Routing/Router.php(891): Illuminate\\Routing\\Router::toResponse()
#13 /nfs/home/shaiidyrov.sergeii/php-learning/laravel/todo-list/vendor/laravel/framework/src/Illuminate/Routing/Router.php(807): Illuminate\\Routing\\Router->prepareResponse()
#14 /nfs/home/shaiidyrov.sergeii/php-learning/laravel/todo-list/vendor/laravel/framework/src/Illuminate/Pipeline/Pipeline.php(169): Illuminate\\Routing\\Router->Illuminate\\Routing\\{closure}()
#15 /nfs/home/shaiidyrov.sergeii/php-learning/laravel/todo-list/vendor/laravel/framework/src/Illuminate/Routing/Middleware/SubstituteBindings.php(50): Illuminate\\Pipeline\\Pipeline->Illuminate\\Pipeline\\{closure}()
#16 /nfs/home/shaiidyrov.sergeii/php-learning/laravel/todo-list/vendor/laravel/framework/src/Illuminate/Pipeline/Pipeline.php(208): Illuminate\\Routing\\Middleware\\SubstituteBindings->handle()
#17 /nfs/home/shaiidyrov.sergeii/php-learning/laravel/todo-list/vendor/laravel/framework/src/Illuminate/Foundation/Http/Middleware/VerifyCsrfToken.php(87): Illuminate\\Pipeline\\Pipeline->Illuminate\\Pipeline\\{closure}()
#18 /nfs/home/shaiidyrov.sergeii/php-learning/laravel/todo-list/vendor/laravel/framework/src/Illuminate/Pipeline/Pipeline.php(208): Illuminate\\Foundation\\Http\\Middleware\\VerifyCsrfToken->handle()
#19 /nfs/home/shaiidyrov.sergeii/php-learning/laravel/todo-list/vendor/laravel/framework/src/Illuminate/View/Middleware/ShareErrorsFromSession.php(48): Illuminate\\Pipeline\\Pipeline->Illuminate\\Pipeline\\{closure}()
#20 /nfs/home/shaiidyrov.sergeii/php-learning/laravel/todo-list/vendor/laravel/framework/src/Illuminate/Pipeline/Pipeline.php(208): Illuminate\\View\\Middleware\\ShareErrorsFromSession->handle()
#21 /nfs/home/shaiidyrov.sergeii/php-learning/laravel/todo-list/vendor/laravel/framework/src/Illuminate/Session/Middleware/StartSession.php(120): Illuminate\\Pipeline\\Pipeline->Illuminate\\Pipeline\\{closure}()
#22 /nfs/home/shaiidyrov.sergeii/php-learning/laravel/todo-list/vendor/laravel/framework/src/Illuminate/Session/Middleware/StartSession.php(63): Illuminate\\Session\\Middleware\\StartSession->handleStatefulRequest()
#23 /nfs/home/shaiidyrov.sergeii/php-learning/laravel/todo-list/vendor/laravel/framework/src/Illuminate/Pipeline/Pipeline.php(208): Illuminate\\Session\\Middleware\\StartSession->handle()
#24 /nfs/home/shaiidyrov.sergeii/php-learning/laravel/todo-list/vendor/laravel/framework/src/Illuminate/Cookie/Middleware/AddQueuedCookiesToResponse.php(36): Illuminate\\Pipeline\\Pipeline->Illuminate\\Pipeline\\{closure}()
#25 /nfs/home/shaiidyrov.sergeii/php-learning/laravel/todo-list/vendor/laravel/framework/src/Illuminate/Pipeline/Pipeline.php(208): Illuminate\\Cookie\\Middleware\\AddQueuedCookiesToResponse->handle()
#26 /nfs/home/shaiidyrov.sergeii/php-learning/laravel/todo-list/vendor/laravel/framework/src/Illuminate/Cookie/Middleware/EncryptCookies.php(74): Illuminate\\Pipeline\\Pipeline->Illuminate\\Pipeline\\{closure}()
#27 /nfs/home/shaiidyrov.sergeii/php-learning/laravel/todo-list/vendor/laravel/framework/src/Illuminate/Pipeline/Pipeline.php(208): Illuminate\\Cookie\\Middleware\\EncryptCookies->handle()
#28 /nfs/home/shaiidyrov.sergeii/php-learning/laravel/todo-list/vendor/laravel/framework/src/Illuminate/Pipeline/Pipeline.php(126): Illuminate\\Pipeline\\Pipeline->Illuminate\\Pipeline\\{closure}()
#29 /nfs/home/shaiidyrov.sergeii/php-learning/laravel/todo-list/vendor/laravel/framework/src/Illuminate/Routing/Router.php(807): Illuminate\\Pipeline\\Pipeline->then()
#30 /nfs/home/shaiidyrov.sergeii/php-learning/laravel/todo-list/vendor/laravel/framework/src/Illuminate/Routing/Router.php(786): Illuminate\\Routing\\Router->runRouteWithinStack()
#31 /nfs/home/shaiidyrov.sergeii/php-learning/laravel/todo-list/vendor/laravel/framework/src/Illuminate/Routing/Router.php(750): Illuminate\\Routing\\Router->runRoute()
#32 /nfs/home/shaiidyrov.sergeii/php-learning/laravel/todo-list/vendor/laravel/framework/src/Illuminate/Routing/Router.php(739): Illuminate\\Routing\\Router->dispatchToRoute()
#33 /nfs/home/shaiidyrov.sergeii/php-learning/laravel/todo-list/vendor/laravel/framework/src/Illuminate/Foundation/Http/Kernel.php(200): Illuminate\\Routing\\Router->dispatch()
#34 /nfs/home/shaiidyrov.sergeii/php-learning/laravel/todo-list/vendor/laravel/framework/src/Illuminate/Pipeline/Pipeline.php(169): Illuminate\\Foundation\\Http\\Kernel->Illuminate\\Foundation\\Http\\{closure}()
#35 /nfs/home/shaiidyrov.sergeii/php-learning/laravel/todo-list/vendor/laravel/framework/src/Illuminate/Foundation/Http/Middleware/TransformsRequest.php(21): Illuminate\\Pipeline\\Pipeline->Illuminate\\Pipeline\\{closure}()
#36 /nfs/home/shaiidyrov.sergeii/php-learning/laravel/todo-list/vendor/laravel/framework/src/Illuminate/Foundation/Http/Middleware/ConvertEmptyStringsToNull.php(31): Illuminate\\Foundation\\Http\\Middleware\\TransformsRequest->handle()
#37 /nfs/home/shaiidyrov.sergeii/php-learning/laravel/todo-list/vendor/laravel/framework/src/Illuminate/Pipeline/Pipeline.php(208): Illuminate\\Foundation\\Http\\Middleware\\ConvertEmptyStringsToNull->handle()
#38 /nfs/home/shaiidyrov.sergeii/php-learning/laravel/todo-list/vendor/laravel/framework/src/Illuminate/Foundation/Http/Middleware/TransformsRequest.php(21): Illuminate\\Pipeline\\Pipeline->Illuminate\\Pipeline\\{closure}()
#39 /nfs/home/shaiidyrov.sergeii/php-learning/laravel/todo-list/vendor/laravel/framework/src/Illuminate/Foundation/Http/Middleware/TrimStrings.php(51): Illuminate\\Foundation\\Http\\Middleware\\TransformsRequest->handle()
#40 /nfs/home/shaiidyrov.sergeii/php-learning/laravel/todo-list/vendor/laravel/framework/src/Illuminate/Pipeline/Pipeline.php(208): Illuminate\\Foundation\\Http\\Middleware\\TrimStrings->handle()
#41 /nfs/home/shaiidyrov.sergeii/php-learning/laravel/todo-list/vendor/laravel/framework/src/Illuminate/Http/Middleware/ValidatePostSize.php(27): Illuminate\\Pipeline\\Pipeline->Illuminate\\Pipeline\\{closure}()
#42 /nfs/home/shaiidyrov.sergeii/php-learning/laravel/todo-list/vendor/laravel/framework/src/Illuminate/Pipeline/Pipeline.php(208): Illuminate\\Http\\Middleware\\ValidatePostSize->handle()
#43 /nfs/home/shaiidyrov.sergeii/php-learning/laravel/todo-list/vendor/laravel/framework/src/Illuminate/Foundation/Http/Middleware/PreventRequestsDuringMaintenance.php(109): Illuminate\\Pipeline\\Pipeline->Illuminate\\Pipeline\\{closure}()
#44 /nfs/home/shaiidyrov.sergeii/php-learning/laravel/todo-list/vendor/laravel/framework/src/Illuminate/Pipeline/Pipeline.php(208): Illuminate\\Foundation\\Http\\Middleware\\PreventRequestsDuringMaintenance->handle()
#45 /nfs/home/shaiidyrov.sergeii/php-learning/laravel/todo-list/vendor/laravel/framework/src/Illuminate/Http/Middleware/HandleCors.php(48): Illuminate\\Pipeline\\Pipeline->Illuminate\\Pipeline\\{closure}()
#46 /nfs/home/shaiidyrov.sergeii/php-learning/laravel/todo-list/vendor/laravel/framework/src/Illuminate/Pipeline/Pipeline.php(208): Illuminate\\Http\\Middleware\\HandleCors->handle()
#47 /nfs/home/shaiidyrov.sergeii/php-learning/laravel/todo-list/vendor/laravel/framework/src/Illuminate/Http/Middleware/TrustProxies.php(58): Illuminate\\Pipeline\\Pipeline->Illuminate\\Pipeline\\{closure}()
#48 /nfs/home/shaiidyrov.sergeii/php-learning/laravel/todo-list/vendor/laravel/framework/src/Illuminate/Pipeline/Pipeline.php(208): Illuminate\\Http\\Middleware\\TrustProxies->handle()
#49 /nfs/home/shaiidyrov.sergeii/php-learning/laravel/todo-list/vendor/laravel/framework/src/Illuminate/Foundation/Http/Middleware/InvokeDeferredCallbacks.php(22): Illuminate\\Pipeline\\Pipeline->Illuminate\\Pipeline\\{closure}()
#50 /nfs/home/shaiidyrov.sergeii/php-learning/laravel/todo-list/vendor/laravel/framework/src/Illuminate/Pipeline/Pipeline.php(208): Illuminate\\Foundation\\Http\\Middleware\\InvokeDeferredCallbacks->handle()
#51 /nfs/home/shaiidyrov.sergeii/php-learning/laravel/todo-list/vendor/laravel/framework/src/Illuminate/Http/Middleware/ValidatePathEncoding.php(26): Illuminate\\Pipeline\\Pipeline->Illuminate\\Pipeline\\{closure}()
#52 /nfs/home/shaiidyrov.sergeii/php-learning/laravel/todo-list/vendor/laravel/framework/src/Illuminate/Pipeline/Pipeline.php(208): Illuminate\\Http\\Middleware\\ValidatePathEncoding->handle()
#53 /nfs/home/shaiidyrov.sergeii/php-learning/laravel/todo-list/vendor/laravel/framework/src/Illuminate/Pipeline/Pipeline.php(126): Illuminate\\Pipeline\\Pipeline->Illuminate\\Pipeline\\{closure}()
#54 /nfs/home/shaiidyrov.sergeii/php-learning/laravel/todo-list/vendor/laravel/framework/src/Illuminate/Foundation/Http/Kernel.php(175): Illuminate\\Pipeline\\Pipeline->then()
#55 /nfs/home/shaiidyrov.sergeii/php-learning/laravel/todo-list/vendor/laravel/framework/src/Illuminate/Foundation/Http/Kernel.php(144): Illuminate\\Foundation\\Http\\Kernel->sendRequestThroughRouter()
#56 /nfs/home/shaiidyrov.sergeii/php-learning/laravel/todo-list/vendor/laravel/framework/src/Illuminate/Foundation/Application.php(1219): Illuminate\\Foundation\\Http\\Kernel->handle()
#57 /nfs/home/shaiidyrov.sergeii/php-learning/laravel/todo-list/public/index.php(20): Illuminate\\Foundation\\Application->handleRequest()
#58 /nfs/home/shaiidyrov.sergeii/php-learning/laravel/todo-list/vendor/laravel/framework/src/Illuminate/Foundation/resources/server.php(23): require_once('...')
#59 {main}
"} 
[2025-04-14 08:07:37] local.ERROR: Undefined variable $tasks (View: /nfs/home/shaiidyrov.sergeii/php-learning/laravel/todo-list/resources/views/index.blade.php) {"exception":"[object] (Illuminate\\View\\ViewException(code: 0): Undefined variable $tasks (View: /nfs/home/shaiidyrov.sergeii/php-learning/laravel/todo-list/resources/views/index.blade.php) at /nfs/home/shaiidyrov.sergeii/php-learning/laravel/todo-list/storage/framework/views/e3872f00244e186cdfcf2bf56c579d0c.php:76)
[stacktrace]
#0 /nfs/home/shaiidyrov.sergeii/php-learning/laravel/todo-list/vendor/laravel/framework/src/Illuminate/View/Engines/PhpEngine.php(59): Illuminate\\View\\Engines\\CompilerEngine->handleViewException()
#1 /nfs/home/shaiidyrov.sergeii/php-learning/laravel/todo-list/vendor/laravel/framework/src/Illuminate/View/Engines/CompilerEngine.php(74): Illuminate\\View\\Engines\\PhpEngine->evaluatePath()
#2 /nfs/home/shaiidyrov.sergeii/php-learning/laravel/todo-list/vendor/laravel/framework/src/Illuminate/View/View.php(208): Illuminate\\View\\Engines\\CompilerEngine->get()
#3 /nfs/home/shaiidyrov.sergeii/php-learning/laravel/todo-list/vendor/laravel/framework/src/Illuminate/View/View.php(191): Illuminate\\View\\View->getContents()
#4 /nfs/home/shaiidyrov.sergeii/php-learning/laravel/todo-list/vendor/laravel/framework/src/Illuminate/View/View.php(160): Illuminate\\View\\View->renderContents()
#5 /nfs/home/shaiidyrov.sergeii/php-learning/laravel/todo-list/vendor/laravel/framework/src/Illuminate/Http/Response.php(78): Illuminate\\View\\View->render()
#6 /nfs/home/shaiidyrov.sergeii/php-learning/laravel/todo-list/vendor/laravel/framework/src/Illuminate/Http/Response.php(34): Illuminate\\Http\\Response->setContent()
#7 /nfs/home/shaiidyrov.sergeii/php-learning/laravel/todo-list/vendor/laravel/framework/src/Illuminate/Routing/Router.php(924): Illuminate\\Http\\Response->__construct()
#8 /nfs/home/shaiidyrov.sergeii/php-learning/laravel/todo-list/vendor/laravel/framework/src/Illuminate/Routing/Router.php(891): Illuminate\\Routing\\Router::toResponse()
#9 /nfs/home/shaiidyrov.sergeii/php-learning/laravel/todo-list/vendor/laravel/framework/src/Illuminate/Routing/Router.php(807): Illuminate\\Routing\\Router->prepareResponse()
#10 /nfs/home/shaiidyrov.sergeii/php-learning/laravel/todo-list/vendor/laravel/framework/src/Illuminate/Pipeline/Pipeline.php(169): Illuminate\\Routing\\Router->Illuminate\\Routing\\{closure}()
#11 /nfs/home/shaiidyrov.sergeii/php-learning/laravel/todo-list/vendor/laravel/framework/src/Illuminate/Routing/Middleware/SubstituteBindings.php(50): Illuminate\\Pipeline\\Pipeline->Illuminate\\Pipeline\\{closure}()
#12 /nfs/home/shaiidyrov.sergeii/php-learning/laravel/todo-list/vendor/laravel/framework/src/Illuminate/Pipeline/Pipeline.php(208): Illuminate\\Routing\\Middleware\\SubstituteBindings->handle()
#13 /nfs/home/shaiidyrov.sergeii/php-learning/laravel/todo-list/vendor/laravel/framework/src/Illuminate/Foundation/Http/Middleware/VerifyCsrfToken.php(87): Illuminate\\Pipeline\\Pipeline->Illuminate\\Pipeline\\{closure}()
#14 /nfs/home/shaiidyrov.sergeii/php-learning/laravel/todo-list/vendor/laravel/framework/src/Illuminate/Pipeline/Pipeline.php(208): Illuminate\\Foundation\\Http\\Middleware\\VerifyCsrfToken->handle()
#15 /nfs/home/shaiidyrov.sergeii/php-learning/laravel/todo-list/vendor/laravel/framework/src/Illuminate/View/Middleware/ShareErrorsFromSession.php(48): Illuminate\\Pipeline\\Pipeline->Illuminate\\Pipeline\\{closure}()
#16 /nfs/home/shaiidyrov.sergeii/php-learning/laravel/todo-list/vendor/laravel/framework/src/Illuminate/Pipeline/Pipeline.php(208): Illuminate\\View\\Middleware\\ShareErrorsFromSession->handle()
#17 /nfs/home/shaiidyrov.sergeii/php-learning/laravel/todo-list/vendor/laravel/framework/src/Illuminate/Session/Middleware/StartSession.php(120): Illuminate\\Pipeline\\Pipeline->Illuminate\\Pipeline\\{closure}()
#18 /nfs/home/shaiidyrov.sergeii/php-learning/laravel/todo-list/vendor/laravel/framework/src/Illuminate/Session/Middleware/StartSession.php(63): Illuminate\\Session\\Middleware\\StartSession->handleStatefulRequest()
#19 /nfs/home/shaiidyrov.sergeii/php-learning/laravel/todo-list/vendor/laravel/framework/src/Illuminate/Pipeline/Pipeline.php(208): Illuminate\\Session\\Middleware\\StartSession->handle()
#20 /nfs/home/shaiidyrov.sergeii/php-learning/laravel/todo-list/vendor/laravel/framework/src/Illuminate/Cookie/Middleware/AddQueuedCookiesToResponse.php(36): Illuminate\\Pipeline\\Pipeline->Illuminate\\Pipeline\\{closure}()
#21 /nfs/home/shaiidyrov.sergeii/php-learning/laravel/todo-list/vendor/laravel/framework/src/Illuminate/Pipeline/Pipeline.php(208): Illuminate\\Cookie\\Middleware\\AddQueuedCookiesToResponse->handle()
#22 /nfs/home/shaiidyrov.sergeii/php-learning/laravel/todo-list/vendor/laravel/framework/src/Illuminate/Cookie/Middleware/EncryptCookies.php(74): Illuminate\\Pipeline\\Pipeline->Illuminate\\Pipeline\\{closure}()
#23 /nfs/home/shaiidyrov.sergeii/php-learning/laravel/todo-list/vendor/laravel/framework/src/Illuminate/Pipeline/Pipeline.php(208): Illuminate\\Cookie\\Middleware\\EncryptCookies->handle()
#24 /nfs/home/shaiidyrov.sergeii/php-learning/laravel/todo-list/vendor/laravel/framework/src/Illuminate/Pipeline/Pipeline.php(126): Illuminate\\Pipeline\\Pipeline->Illuminate\\Pipeline\\{closure}()
#25 /nfs/home/shaiidyrov.sergeii/php-learning/laravel/todo-list/vendor/laravel/framework/src/Illuminate/Routing/Router.php(807): Illuminate\\Pipeline\\Pipeline->then()
#26 /nfs/home/shaiidyrov.sergeii/php-learning/laravel/todo-list/vendor/laravel/framework/src/Illuminate/Routing/Router.php(786): Illuminate\\Routing\\Router->runRouteWithinStack()
#27 /nfs/home/shaiidyrov.sergeii/php-learning/laravel/todo-list/vendor/laravel/framework/src/Illuminate/Routing/Router.php(750): Illuminate\\Routing\\Router->runRoute()
#28 /nfs/home/shaiidyrov.sergeii/php-learning/laravel/todo-list/vendor/laravel/framework/src/Illuminate/Routing/Router.php(739): Illuminate\\Routing\\Router->dispatchToRoute()
#29 /nfs/home/shaiidyrov.sergeii/php-learning/laravel/todo-list/vendor/laravel/framework/src/Illuminate/Foundation/Http/Kernel.php(200): Illuminate\\Routing\\Router->dispatch()
#30 /nfs/home/shaiidyrov.sergeii/php-learning/laravel/todo-list/vendor/laravel/framework/src/Illuminate/Pipeline/Pipeline.php(169): Illuminate\\Foundation\\Http\\Kernel->Illuminate\\Foundation\\Http\\{closure}()
#31 /nfs/home/shaiidyrov.sergeii/php-learning/laravel/todo-list/vendor/laravel/framework/src/Illuminate/Foundation/Http/Middleware/TransformsRequest.php(21): Illuminate\\Pipeline\\Pipeline->Illuminate\\Pipeline\\{closure}()
#32 /nfs/home/shaiidyrov.sergeii/php-learning/laravel/todo-list/vendor/laravel/framework/src/Illuminate/Foundation/Http/Middleware/ConvertEmptyStringsToNull.php(31): Illuminate\\Foundation\\Http\\Middleware\\TransformsRequest->handle()
#33 /nfs/home/shaiidyrov.sergeii/php-learning/laravel/todo-list/vendor/laravel/framework/src/Illuminate/Pipeline/Pipeline.php(208): Illuminate\\Foundation\\Http\\Middleware\\ConvertEmptyStringsToNull->handle()
#34 /nfs/home/shaiidyrov.sergeii/php-learning/laravel/todo-list/vendor/laravel/framework/src/Illuminate/Foundation/Http/Middleware/TransformsRequest.php(21): Illuminate\\Pipeline\\Pipeline->Illuminate\\Pipeline\\{closure}()
#35 /nfs/home/shaiidyrov.sergeii/php-learning/laravel/todo-list/vendor/laravel/framework/src/Illuminate/Foundation/Http/Middleware/TrimStrings.php(51): Illuminate\\Foundation\\Http\\Middleware\\TransformsRequest->handle()
#36 /nfs/home/shaiidyrov.sergeii/php-learning/laravel/todo-list/vendor/laravel/framework/src/Illuminate/Pipeline/Pipeline.php(208): Illuminate\\Foundation\\Http\\Middleware\\TrimStrings->handle()
#37 /nfs/home/shaiidyrov.sergeii/php-learning/laravel/todo-list/vendor/laravel/framework/src/Illuminate/Http/Middleware/ValidatePostSize.php(27): Illuminate\\Pipeline\\Pipeline->Illuminate\\Pipeline\\{closure}()
#38 /nfs/home/shaiidyrov.sergeii/php-learning/laravel/todo-list/vendor/laravel/framework/src/Illuminate/Pipeline/Pipeline.php(208): Illuminate\\Http\\Middleware\\ValidatePostSize->handle()
#39 /nfs/home/shaiidyrov.sergeii/php-learning/laravel/todo-list/vendor/laravel/framework/src/Illuminate/Foundation/Http/Middleware/PreventRequestsDuringMaintenance.php(109): Illuminate\\Pipeline\\Pipeline->Illuminate\\Pipeline\\{closure}()
#40 /nfs/home/shaiidyrov.sergeii/php-learning/laravel/todo-list/vendor/laravel/framework/src/Illuminate/Pipeline/Pipeline.php(208): Illuminate\\Foundation\\Http\\Middleware\\PreventRequestsDuringMaintenance->handle()
#41 /nfs/home/shaiidyrov.sergeii/php-learning/laravel/todo-list/vendor/laravel/framework/src/Illuminate/Http/Middleware/HandleCors.php(48): Illuminate\\Pipeline\\Pipeline->Illuminate\\Pipeline\\{closure}()
#42 /nfs/home/shaiidyrov.sergeii/php-learning/laravel/todo-list/vendor/laravel/framework/src/Illuminate/Pipeline/Pipeline.php(208): Illuminate\\Http\\Middleware\\HandleCors->handle()
#43 /nfs/home/shaiidyrov.sergeii/php-learning/laravel/todo-list/vendor/laravel/framework/src/Illuminate/Http/Middleware/TrustProxies.php(58): Illuminate\\Pipeline\\Pipeline->Illuminate\\Pipeline\\{closure}()
#44 /nfs/home/shaiidyrov.sergeii/php-learning/laravel/todo-list/vendor/laravel/framework/src/Illuminate/Pipeline/Pipeline.php(208): Illuminate\\Http\\Middleware\\TrustProxies->handle()
#45 /nfs/home/shaiidyrov.sergeii/php-learning/laravel/todo-list/vendor/laravel/framework/src/Illuminate/Foundation/Http/Middleware/InvokeDeferredCallbacks.php(22): Illuminate\\Pipeline\\Pipeline->Illuminate\\Pipeline\\{closure}()
#46 /nfs/home/shaiidyrov.sergeii/php-learning/laravel/todo-list/vendor/laravel/framework/src/Illuminate/Pipeline/Pipeline.php(208): Illuminate\\Foundation\\Http\\Middleware\\InvokeDeferredCallbacks->handle()
#47 /nfs/home/shaiidyrov.sergeii/php-learning/laravel/todo-list/vendor/laravel/framework/src/Illuminate/Http/Middleware/ValidatePathEncoding.php(26): Illuminate\\Pipeline\\Pipeline->Illuminate\\Pipeline\\{closure}()
#48 /nfs/home/shaiidyrov.sergeii/php-learning/laravel/todo-list/vendor/laravel/framework/src/Illuminate/Pipeline/Pipeline.php(208): Illuminate\\Http\\Middleware\\ValidatePathEncoding->handle()
#49 /nfs/home/shaiidyrov.sergeii/php-learning/laravel/todo-list/vendor/laravel/framework/src/Illuminate/Pipeline/Pipeline.php(126): Illuminate\\Pipeline\\Pipeline->Illuminate\\Pipeline\\{closure}()
#50 /nfs/home/shaiidyrov.sergeii/php-learning/laravel/todo-list/vendor/laravel/framework/src/Illuminate/Foundation/Http/Kernel.php(175): Illuminate\\Pipeline\\Pipeline->then()
#51 /nfs/home/shaiidyrov.sergeii/php-learning/laravel/todo-list/vendor/laravel/framework/src/Illuminate/Foundation/Http/Kernel.php(144): Illuminate\\Foundation\\Http\\Kernel->sendRequestThroughRouter()
#52 /nfs/home/shaiidyrov.sergeii/php-learning/laravel/todo-list/vendor/laravel/framework/src/Illuminate/Foundation/Application.php(1219): Illuminate\\Foundation\\Http\\Kernel->handle()
#53 /nfs/home/shaiidyrov.sergeii/php-learning/laravel/todo-list/public/index.php(20): Illuminate\\Foundation\\Application->handleRequest()
#54 /nfs/home/shaiidyrov.sergeii/php-learning/laravel/todo-list/vendor/laravel/framework/src/Illuminate/Foundation/resources/server.php(23): require_once('...')
#55 {main}

[previous exception] [object] (ErrorException(code: 0): Undefined variable $tasks at /nfs/home/shaiidyrov.sergeii/php-learning/laravel/todo-list/storage/framework/views/e3872f00244e186cdfcf2bf56c579d0c.php:76)
[stacktrace]
#0 /nfs/home/shaiidyrov.sergeii/php-learning/laravel/todo-list/vendor/laravel/framework/src/Illuminate/Foundation/Bootstrap/HandleExceptions.php(256): Illuminate\\Foundation\\Bootstrap\\HandleExceptions->handleError()
#1 /nfs/home/shaiidyrov.sergeii/php-learning/laravel/todo-list/storage/framework/views/e3872f00244e186cdfcf2bf56c579d0c.php(76): Illuminate\\Foundation\\Bootstrap\\HandleExceptions->Illuminate\\Foundation\\Bootstrap\\{closure}()
#2 /nfs/home/shaiidyrov.sergeii/php-learning/laravel/todo-list/vendor/laravel/framework/src/Illuminate/Filesystem/Filesystem.php(123): require('...')
#3 /nfs/home/shaiidyrov.sergeii/php-learning/laravel/todo-list/vendor/laravel/framework/src/Illuminate/Filesystem/Filesystem.php(124): Illuminate\\Filesystem\\Filesystem::Illuminate\\Filesystem\\{closure}()
#4 /nfs/home/shaiidyrov.sergeii/php-learning/laravel/todo-list/vendor/laravel/framework/src/Illuminate/View/Engines/PhpEngine.php(57): Illuminate\\Filesystem\\Filesystem->getRequire()
#5 /nfs/home/shaiidyrov.sergeii/php-learning/laravel/todo-list/vendor/laravel/framework/src/Illuminate/View/Engines/CompilerEngine.php(74): Illuminate\\View\\Engines\\PhpEngine->evaluatePath()
#6 /nfs/home/shaiidyrov.sergeii/php-learning/laravel/todo-list/vendor/laravel/framework/src/Illuminate/View/View.php(208): Illuminate\\View\\Engines\\CompilerEngine->get()
#7 /nfs/home/shaiidyrov.sergeii/php-learning/laravel/todo-list/vendor/laravel/framework/src/Illuminate/View/View.php(191): Illuminate\\View\\View->getContents()
#8 /nfs/home/shaiidyrov.sergeii/php-learning/laravel/todo-list/vendor/laravel/framework/src/Illuminate/View/View.php(160): Illuminate\\View\\View->renderContents()
#9 /nfs/home/shaiidyrov.sergeii/php-learning/laravel/todo-list/vendor/laravel/framework/src/Illuminate/Http/Response.php(78): Illuminate\\View\\View->render()
#10 /nfs/home/shaiidyrov.sergeii/php-learning/laravel/todo-list/vendor/laravel/framework/src/Illuminate/Http/Response.php(34): Illuminate\\Http\\Response->setContent()
#11 /nfs/home/shaiidyrov.sergeii/php-learning/laravel/todo-list/vendor/laravel/framework/src/Illuminate/Routing/Router.php(924): Illuminate\\Http\\Response->__construct()
#12 /nfs/home/shaiidyrov.sergeii/php-learning/laravel/todo-list/vendor/laravel/framework/src/Illuminate/Routing/Router.php(891): Illuminate\\Routing\\Router::toResponse()
#13 /nfs/home/shaiidyrov.sergeii/php-learning/laravel/todo-list/vendor/laravel/framework/src/Illuminate/Routing/Router.php(807): Illuminate\\Routing\\Router->prepareResponse()
#14 /nfs/home/shaiidyrov.sergeii/php-learning/laravel/todo-list/vendor/laravel/framework/src/Illuminate/Pipeline/Pipeline.php(169): Illuminate\\Routing\\Router->Illuminate\\Routing\\{closure}()
#15 /nfs/home/shaiidyrov.sergeii/php-learning/laravel/todo-list/vendor/laravel/framework/src/Illuminate/Routing/Middleware/SubstituteBindings.php(50): Illuminate\\Pipeline\\Pipeline->Illuminate\\Pipeline\\{closure}()
#16 /nfs/home/shaiidyrov.sergeii/php-learning/laravel/todo-list/vendor/laravel/framework/src/Illuminate/Pipeline/Pipeline.php(208): Illuminate\\Routing\\Middleware\\SubstituteBindings->handle()
#17 /nfs/home/shaiidyrov.sergeii/php-learning/laravel/todo-list/vendor/laravel/framework/src/Illuminate/Foundation/Http/Middleware/VerifyCsrfToken.php(87): Illuminate\\Pipeline\\Pipeline->Illuminate\\Pipeline\\{closure}()
#18 /nfs/home/shaiidyrov.sergeii/php-learning/laravel/todo-list/vendor/laravel/framework/src/Illuminate/Pipeline/Pipeline.php(208): Illuminate\\Foundation\\Http\\Middleware\\VerifyCsrfToken->handle()
#19 /nfs/home/shaiidyrov.sergeii/php-learning/laravel/todo-list/vendor/laravel/framework/src/Illuminate/View/Middleware/ShareErrorsFromSession.php(48): Illuminate\\Pipeline\\Pipeline->Illuminate\\Pipeline\\{closure}()
#20 /nfs/home/shaiidyrov.sergeii/php-learning/laravel/todo-list/vendor/laravel/framework/src/Illuminate/Pipeline/Pipeline.php(208): Illuminate\\View\\Middleware\\ShareErrorsFromSession->handle()
#21 /nfs/home/shaiidyrov.sergeii/php-learning/laravel/todo-list/vendor/laravel/framework/src/Illuminate/Session/Middleware/StartSession.php(120): Illuminate\\Pipeline\\Pipeline->Illuminate\\Pipeline\\{closure}()
#22 /nfs/home/shaiidyrov.sergeii/php-learning/laravel/todo-list/vendor/laravel/framework/src/Illuminate/Session/Middleware/StartSession.php(63): Illuminate\\Session\\Middleware\\StartSession->handleStatefulRequest()
#23 /nfs/home/shaiidyrov.sergeii/php-learning/laravel/todo-list/vendor/laravel/framework/src/Illuminate/Pipeline/Pipeline.php(208): Illuminate\\Session\\Middleware\\StartSession->handle()
#24 /nfs/home/shaiidyrov.sergeii/php-learning/laravel/todo-list/vendor/laravel/framework/src/Illuminate/Cookie/Middleware/AddQueuedCookiesToResponse.php(36): Illuminate\\Pipeline\\Pipeline->Illuminate\\Pipeline\\{closure}()
#25 /nfs/home/shaiidyrov.sergeii/php-learning/laravel/todo-list/vendor/laravel/framework/src/Illuminate/Pipeline/Pipeline.php(208): Illuminate\\Cookie\\Middleware\\AddQueuedCookiesToResponse->handle()
#26 /nfs/home/shaiidyrov.sergeii/php-learning/laravel/todo-list/vendor/laravel/framework/src/Illuminate/Cookie/Middleware/EncryptCookies.php(74): Illuminate\\Pipeline\\Pipeline->Illuminate\\Pipeline\\{closure}()
#27 /nfs/home/shaiidyrov.sergeii/php-learning/laravel/todo-list/vendor/laravel/framework/src/Illuminate/Pipeline/Pipeline.php(208): Illuminate\\Cookie\\Middleware\\EncryptCookies->handle()
#28 /nfs/home/shaiidyrov.sergeii/php-learning/laravel/todo-list/vendor/laravel/framework/src/Illuminate/Pipeline/Pipeline.php(126): Illuminate\\Pipeline\\Pipeline->Illuminate\\Pipeline\\{closure}()
#29 /nfs/home/shaiidyrov.sergeii/php-learning/laravel/todo-list/vendor/laravel/framework/src/Illuminate/Routing/Router.php(807): Illuminate\\Pipeline\\Pipeline->then()
#30 /nfs/home/shaiidyrov.sergeii/php-learning/laravel/todo-list/vendor/laravel/framework/src/Illuminate/Routing/Router.php(786): Illuminate\\Routing\\Router->runRouteWithinStack()
#31 /nfs/home/shaiidyrov.sergeii/php-learning/laravel/todo-list/vendor/laravel/framework/src/Illuminate/Routing/Router.php(750): Illuminate\\Routing\\Router->runRoute()
#32 /nfs/home/shaiidyrov.sergeii/php-learning/laravel/todo-list/vendor/laravel/framework/src/Illuminate/Routing/Router.php(739): Illuminate\\Routing\\Router->dispatchToRoute()
#33 /nfs/home/shaiidyrov.sergeii/php-learning/laravel/todo-list/vendor/laravel/framework/src/Illuminate/Foundation/Http/Kernel.php(200): Illuminate\\Routing\\Router->dispatch()
#34 /nfs/home/shaiidyrov.sergeii/php-learning/laravel/todo-list/vendor/laravel/framework/src/Illuminate/Pipeline/Pipeline.php(169): Illuminate\\Foundation\\Http\\Kernel->Illuminate\\Foundation\\Http\\{closure}()
#35 /nfs/home/shaiidyrov.sergeii/php-learning/laravel/todo-list/vendor/laravel/framework/src/Illuminate/Foundation/Http/Middleware/TransformsRequest.php(21): Illuminate\\Pipeline\\Pipeline->Illuminate\\Pipeline\\{closure}()
#36 /nfs/home/shaiidyrov.sergeii/php-learning/laravel/todo-list/vendor/laravel/framework/src/Illuminate/Foundation/Http/Middleware/ConvertEmptyStringsToNull.php(31): Illuminate\\Foundation\\Http\\Middleware\\TransformsRequest->handle()
#37 /nfs/home/shaiidyrov.sergeii/php-learning/laravel/todo-list/vendor/laravel/framework/src/Illuminate/Pipeline/Pipeline.php(208): Illuminate\\Foundation\\Http\\Middleware\\ConvertEmptyStringsToNull->handle()
#38 /nfs/home/shaiidyrov.sergeii/php-learning/laravel/todo-list/vendor/laravel/framework/src/Illuminate/Foundation/Http/Middleware/TransformsRequest.php(21): Illuminate\\Pipeline\\Pipeline->Illuminate\\Pipeline\\{closure}()
#39 /nfs/home/shaiidyrov.sergeii/php-learning/laravel/todo-list/vendor/laravel/framework/src/Illuminate/Foundation/Http/Middleware/TrimStrings.php(51): Illuminate\\Foundation\\Http\\Middleware\\TransformsRequest->handle()
#40 /nfs/home/shaiidyrov.sergeii/php-learning/laravel/todo-list/vendor/laravel/framework/src/Illuminate/Pipeline/Pipeline.php(208): Illuminate\\Foundation\\Http\\Middleware\\TrimStrings->handle()
#41 /nfs/home/shaiidyrov.sergeii/php-learning/laravel/todo-list/vendor/laravel/framework/src/Illuminate/Http/Middleware/ValidatePostSize.php(27): Illuminate\\Pipeline\\Pipeline->Illuminate\\Pipeline\\{closure}()
#42 /nfs/home/shaiidyrov.sergeii/php-learning/laravel/todo-list/vendor/laravel/framework/src/Illuminate/Pipeline/Pipeline.php(208): Illuminate\\Http\\Middleware\\ValidatePostSize->handle()
#43 /nfs/home/shaiidyrov.sergeii/php-learning/laravel/todo-list/vendor/laravel/framework/src/Illuminate/Foundation/Http/Middleware/PreventRequestsDuringMaintenance.php(109): Illuminate\\Pipeline\\Pipeline->Illuminate\\Pipeline\\{closure}()
#44 /nfs/home/shaiidyrov.sergeii/php-learning/laravel/todo-list/vendor/laravel/framework/src/Illuminate/Pipeline/Pipeline.php(208): Illuminate\\Foundation\\Http\\Middleware\\PreventRequestsDuringMaintenance->handle()
#45 /nfs/home/shaiidyrov.sergeii/php-learning/laravel/todo-list/vendor/laravel/framework/src/Illuminate/Http/Middleware/HandleCors.php(48): Illuminate\\Pipeline\\Pipeline->Illuminate\\Pipeline\\{closure}()
#46 /nfs/home/shaiidyrov.sergeii/php-learning/laravel/todo-list/vendor/laravel/framework/src/Illuminate/Pipeline/Pipeline.php(208): Illuminate\\Http\\Middleware\\HandleCors->handle()
#47 /nfs/home/shaiidyrov.sergeii/php-learning/laravel/todo-list/vendor/laravel/framework/src/Illuminate/Http/Middleware/TrustProxies.php(58): Illuminate\\Pipeline\\Pipeline->Illuminate\\Pipeline\\{closure}()
#48 /nfs/home/shaiidyrov.sergeii/php-learning/laravel/todo-list/vendor/laravel/framework/src/Illuminate/Pipeline/Pipeline.php(208): Illuminate\\Http\\Middleware\\TrustProxies->handle()
#49 /nfs/home/shaiidyrov.sergeii/php-learning/laravel/todo-list/vendor/laravel/framework/src/Illuminate/Foundation/Http/Middleware/InvokeDeferredCallbacks.php(22): Illuminate\\Pipeline\\Pipeline->Illuminate\\Pipeline\\{closure}()
#50 /nfs/home/shaiidyrov.sergeii/php-learning/laravel/todo-list/vendor/laravel/framework/src/Illuminate/Pipeline/Pipeline.php(208): Illuminate\\Foundation\\Http\\Middleware\\InvokeDeferredCallbacks->handle()
#51 /nfs/home/shaiidyrov.sergeii/php-learning/laravel/todo-list/vendor/laravel/framework/src/Illuminate/Http/Middleware/ValidatePathEncoding.php(26): Illuminate\\Pipeline\\Pipeline->Illuminate\\Pipeline\\{closure}()
#52 /nfs/home/shaiidyrov.sergeii/php-learning/laravel/todo-list/vendor/laravel/framework/src/Illuminate/Pipeline/Pipeline.php(208): Illuminate\\Http\\Middleware\\ValidatePathEncoding->handle()
#53 /nfs/home/shaiidyrov.sergeii/php-learning/laravel/todo-list/vendor/laravel/framework/src/Illuminate/Pipeline/Pipeline.php(126): Illuminate\\Pipeline\\Pipeline->Illuminate\\Pipeline\\{closure}()
#54 /nfs/home/shaiidyrov.sergeii/php-learning/laravel/todo-list/vendor/laravel/framework/src/Illuminate/Foundation/Http/Kernel.php(175): Illuminate\\Pipeline\\Pipeline->then()
#55 /nfs/home/shaiidyrov.sergeii/php-learning/laravel/todo-list/vendor/laravel/framework/src/Illuminate/Foundation/Http/Kernel.php(144): Illuminate\\Foundation\\Http\\Kernel->sendRequestThroughRouter()
#56 /nfs/home/shaiidyrov.sergeii/php-learning/laravel/todo-list/vendor/laravel/framework/src/Illuminate/Foundation/Application.php(1219): Illuminate\\Foundation\\Http\\Kernel->handle()
#57 /nfs/home/shaiidyrov.sergeii/php-learning/laravel/todo-list/public/index.php(20): Illuminate\\Foundation\\Application->handleRequest()
#58 /nfs/home/shaiidyrov.sergeii/php-learning/laravel/todo-list/vendor/laravel/framework/src/Illuminate/Foundation/resources/server.php(23): require_once('...')
#59 {main}
"} 
[2025-04-14 08:08:07] local.ERROR: Undefined variable $tasks (View: /nfs/home/shaiidyrov.sergeii/php-learning/laravel/todo-list/resources/views/index.blade.php) {"exception":"[object] (Illuminate\\View\\ViewException(code: 0): Undefined variable $tasks (View: /nfs/home/shaiidyrov.sergeii/php-learning/laravel/todo-list/resources/views/index.blade.php) at /nfs/home/shaiidyrov.sergeii/php-learning/laravel/todo-list/storage/framework/views/e3872f00244e186cdfcf2bf56c579d0c.php:76)
[stacktrace]
#0 /nfs/home/shaiidyrov.sergeii/php-learning/laravel/todo-list/vendor/laravel/framework/src/Illuminate/View/Engines/PhpEngine.php(59): Illuminate\\View\\Engines\\CompilerEngine->handleViewException()
#1 /nfs/home/shaiidyrov.sergeii/php-learning/laravel/todo-list/vendor/laravel/framework/src/Illuminate/View/Engines/CompilerEngine.php(74): Illuminate\\View\\Engines\\PhpEngine->evaluatePath()
#2 /nfs/home/shaiidyrov.sergeii/php-learning/laravel/todo-list/vendor/laravel/framework/src/Illuminate/View/View.php(208): Illuminate\\View\\Engines\\CompilerEngine->get()
#3 /nfs/home/shaiidyrov.sergeii/php-learning/laravel/todo-list/vendor/laravel/framework/src/Illuminate/View/View.php(191): Illuminate\\View\\View->getContents()
#4 /nfs/home/shaiidyrov.sergeii/php-learning/laravel/todo-list/vendor/laravel/framework/src/Illuminate/View/View.php(160): Illuminate\\View\\View->renderContents()
#5 /nfs/home/shaiidyrov.sergeii/php-learning/laravel/todo-list/vendor/laravel/framework/src/Illuminate/Http/Response.php(78): Illuminate\\View\\View->render()
#6 /nfs/home/shaiidyrov.sergeii/php-learning/laravel/todo-list/vendor/laravel/framework/src/Illuminate/Http/Response.php(34): Illuminate\\Http\\Response->setContent()
#7 /nfs/home/shaiidyrov.sergeii/php-learning/laravel/todo-list/vendor/laravel/framework/src/Illuminate/Routing/Router.php(924): Illuminate\\Http\\Response->__construct()
#8 /nfs/home/shaiidyrov.sergeii/php-learning/laravel/todo-list/vendor/laravel/framework/src/Illuminate/Routing/Router.php(891): Illuminate\\Routing\\Router::toResponse()
#9 /nfs/home/shaiidyrov.sergeii/php-learning/laravel/todo-list/vendor/laravel/framework/src/Illuminate/Routing/Router.php(807): Illuminate\\Routing\\Router->prepareResponse()
#10 /nfs/home/shaiidyrov.sergeii/php-learning/laravel/todo-list/vendor/laravel/framework/src/Illuminate/Pipeline/Pipeline.php(169): Illuminate\\Routing\\Router->Illuminate\\Routing\\{closure}()
#11 /nfs/home/shaiidyrov.sergeii/php-learning/laravel/todo-list/vendor/laravel/framework/src/Illuminate/Routing/Middleware/SubstituteBindings.php(50): Illuminate\\Pipeline\\Pipeline->Illuminate\\Pipeline\\{closure}()
#12 /nfs/home/shaiidyrov.sergeii/php-learning/laravel/todo-list/vendor/laravel/framework/src/Illuminate/Pipeline/Pipeline.php(208): Illuminate\\Routing\\Middleware\\SubstituteBindings->handle()
#13 /nfs/home/shaiidyrov.sergeii/php-learning/laravel/todo-list/vendor/laravel/framework/src/Illuminate/Foundation/Http/Middleware/VerifyCsrfToken.php(87): Illuminate\\Pipeline\\Pipeline->Illuminate\\Pipeline\\{closure}()
#14 /nfs/home/shaiidyrov.sergeii/php-learning/laravel/todo-list/vendor/laravel/framework/src/Illuminate/Pipeline/Pipeline.php(208): Illuminate\\Foundation\\Http\\Middleware\\VerifyCsrfToken->handle()
#15 /nfs/home/shaiidyrov.sergeii/php-learning/laravel/todo-list/vendor/laravel/framework/src/Illuminate/View/Middleware/ShareErrorsFromSession.php(48): Illuminate\\Pipeline\\Pipeline->Illuminate\\Pipeline\\{closure}()
#16 /nfs/home/shaiidyrov.sergeii/php-learning/laravel/todo-list/vendor/laravel/framework/src/Illuminate/Pipeline/Pipeline.php(208): Illuminate\\View\\Middleware\\ShareErrorsFromSession->handle()
#17 /nfs/home/shaiidyrov.sergeii/php-learning/laravel/todo-list/vendor/laravel/framework/src/Illuminate/Session/Middleware/StartSession.php(120): Illuminate\\Pipeline\\Pipeline->Illuminate\\Pipeline\\{closure}()
#18 /nfs/home/shaiidyrov.sergeii/php-learning/laravel/todo-list/vendor/laravel/framework/src/Illuminate/Session/Middleware/StartSession.php(63): Illuminate\\Session\\Middleware\\StartSession->handleStatefulRequest()
#19 /nfs/home/shaiidyrov.sergeii/php-learning/laravel/todo-list/vendor/laravel/framework/src/Illuminate/Pipeline/Pipeline.php(208): Illuminate\\Session\\Middleware\\StartSession->handle()
#20 /nfs/home/shaiidyrov.sergeii/php-learning/laravel/todo-list/vendor/laravel/framework/src/Illuminate/Cookie/Middleware/AddQueuedCookiesToResponse.php(36): Illuminate\\Pipeline\\Pipeline->Illuminate\\Pipeline\\{closure}()
#21 /nfs/home/shaiidyrov.sergeii/php-learning/laravel/todo-list/vendor/laravel/framework/src/Illuminate/Pipeline/Pipeline.php(208): Illuminate\\Cookie\\Middleware\\AddQueuedCookiesToResponse->handle()
#22 /nfs/home/shaiidyrov.sergeii/php-learning/laravel/todo-list/vendor/laravel/framework/src/Illuminate/Cookie/Middleware/EncryptCookies.php(74): Illuminate\\Pipeline\\Pipeline->Illuminate\\Pipeline\\{closure}()
#23 /nfs/home/shaiidyrov.sergeii/php-learning/laravel/todo-list/vendor/laravel/framework/src/Illuminate/Pipeline/Pipeline.php(208): Illuminate\\Cookie\\Middleware\\EncryptCookies->handle()
#24 /nfs/home/shaiidyrov.sergeii/php-learning/laravel/todo-list/vendor/laravel/framework/src/Illuminate/Pipeline/Pipeline.php(126): Illuminate\\Pipeline\\Pipeline->Illuminate\\Pipeline\\{closure}()
#25 /nfs/home/shaiidyrov.sergeii/php-learning/laravel/todo-list/vendor/laravel/framework/src/Illuminate/Routing/Router.php(807): Illuminate\\Pipeline\\Pipeline->then()
#26 /nfs/home/shaiidyrov.sergeii/php-learning/laravel/todo-list/vendor/laravel/framework/src/Illuminate/Routing/Router.php(786): Illuminate\\Routing\\Router->runRouteWithinStack()
#27 /nfs/home/shaiidyrov.sergeii/php-learning/laravel/todo-list/vendor/laravel/framework/src/Illuminate/Routing/Router.php(750): Illuminate\\Routing\\Router->runRoute()
#28 /nfs/home/shaiidyrov.sergeii/php-learning/laravel/todo-list/vendor/laravel/framework/src/Illuminate/Routing/Router.php(739): Illuminate\\Routing\\Router->dispatchToRoute()
#29 /nfs/home/shaiidyrov.sergeii/php-learning/laravel/todo-list/vendor/laravel/framework/src/Illuminate/Foundation/Http/Kernel.php(200): Illuminate\\Routing\\Router->dispatch()
#30 /nfs/home/shaiidyrov.sergeii/php-learning/laravel/todo-list/vendor/laravel/framework/src/Illuminate/Pipeline/Pipeline.php(169): Illuminate\\Foundation\\Http\\Kernel->Illuminate\\Foundation\\Http\\{closure}()
#31 /nfs/home/shaiidyrov.sergeii/php-learning/laravel/todo-list/vendor/laravel/framework/src/Illuminate/Foundation/Http/Middleware/TransformsRequest.php(21): Illuminate\\Pipeline\\Pipeline->Illuminate\\Pipeline\\{closure}()
#32 /nfs/home/shaiidyrov.sergeii/php-learning/laravel/todo-list/vendor/laravel/framework/src/Illuminate/Foundation/Http/Middleware/ConvertEmptyStringsToNull.php(31): Illuminate\\Foundation\\Http\\Middleware\\TransformsRequest->handle()
#33 /nfs/home/shaiidyrov.sergeii/php-learning/laravel/todo-list/vendor/laravel/framework/src/Illuminate/Pipeline/Pipeline.php(208): Illuminate\\Foundation\\Http\\Middleware\\ConvertEmptyStringsToNull->handle()
#34 /nfs/home/shaiidyrov.sergeii/php-learning/laravel/todo-list/vendor/laravel/framework/src/Illuminate/Foundation/Http/Middleware/TransformsRequest.php(21): Illuminate\\Pipeline\\Pipeline->Illuminate\\Pipeline\\{closure}()
#35 /nfs/home/shaiidyrov.sergeii/php-learning/laravel/todo-list/vendor/laravel/framework/src/Illuminate/Foundation/Http/Middleware/TrimStrings.php(51): Illuminate\\Foundation\\Http\\Middleware\\TransformsRequest->handle()
#36 /nfs/home/shaiidyrov.sergeii/php-learning/laravel/todo-list/vendor/laravel/framework/src/Illuminate/Pipeline/Pipeline.php(208): Illuminate\\Foundation\\Http\\Middleware\\TrimStrings->handle()
#37 /nfs/home/shaiidyrov.sergeii/php-learning/laravel/todo-list/vendor/laravel/framework/src/Illuminate/Http/Middleware/ValidatePostSize.php(27): Illuminate\\Pipeline\\Pipeline->Illuminate\\Pipeline\\{closure}()
#38 /nfs/home/shaiidyrov.sergeii/php-learning/laravel/todo-list/vendor/laravel/framework/src/Illuminate/Pipeline/Pipeline.php(208): Illuminate\\Http\\Middleware\\ValidatePostSize->handle()
#39 /nfs/home/shaiidyrov.sergeii/php-learning/laravel/todo-list/vendor/laravel/framework/src/Illuminate/Foundation/Http/Middleware/PreventRequestsDuringMaintenance.php(109): Illuminate\\Pipeline\\Pipeline->Illuminate\\Pipeline\\{closure}()
#40 /nfs/home/shaiidyrov.sergeii/php-learning/laravel/todo-list/vendor/laravel/framework/src/Illuminate/Pipeline/Pipeline.php(208): Illuminate\\Foundation\\Http\\Middleware\\PreventRequestsDuringMaintenance->handle()
#41 /nfs/home/shaiidyrov.sergeii/php-learning/laravel/todo-list/vendor/laravel/framework/src/Illuminate/Http/Middleware/HandleCors.php(48): Illuminate\\Pipeline\\Pipeline->Illuminate\\Pipeline\\{closure}()
#42 /nfs/home/shaiidyrov.sergeii/php-learning/laravel/todo-list/vendor/laravel/framework/src/Illuminate/Pipeline/Pipeline.php(208): Illuminate\\Http\\Middleware\\HandleCors->handle()
#43 /nfs/home/shaiidyrov.sergeii/php-learning/laravel/todo-list/vendor/laravel/framework/src/Illuminate/Http/Middleware/TrustProxies.php(58): Illuminate\\Pipeline\\Pipeline->Illuminate\\Pipeline\\{closure}()
#44 /nfs/home/shaiidyrov.sergeii/php-learning/laravel/todo-list/vendor/laravel/framework/src/Illuminate/Pipeline/Pipeline.php(208): Illuminate\\Http\\Middleware\\TrustProxies->handle()
#45 /nfs/home/shaiidyrov.sergeii/php-learning/laravel/todo-list/vendor/laravel/framework/src/Illuminate/Foundation/Http/Middleware/InvokeDeferredCallbacks.php(22): Illuminate\\Pipeline\\Pipeline->Illuminate\\Pipeline\\{closure}()
#46 /nfs/home/shaiidyrov.sergeii/php-learning/laravel/todo-list/vendor/laravel/framework/src/Illuminate/Pipeline/Pipeline.php(208): Illuminate\\Foundation\\Http\\Middleware\\InvokeDeferredCallbacks->handle()
#47 /nfs/home/shaiidyrov.sergeii/php-learning/laravel/todo-list/vendor/laravel/framework/src/Illuminate/Http/Middleware/ValidatePathEncoding.php(26): Illuminate\\Pipeline\\Pipeline->Illuminate\\Pipeline\\{closure}()
#48 /nfs/home/shaiidyrov.sergeii/php-learning/laravel/todo-list/vendor/laravel/framework/src/Illuminate/Pipeline/Pipeline.php(208): Illuminate\\Http\\Middleware\\ValidatePathEncoding->handle()
#49 /nfs/home/shaiidyrov.sergeii/php-learning/laravel/todo-list/vendor/laravel/framework/src/Illuminate/Pipeline/Pipeline.php(126): Illuminate\\Pipeline\\Pipeline->Illuminate\\Pipeline\\{closure}()
#50 /nfs/home/shaiidyrov.sergeii/php-learning/laravel/todo-list/vendor/laravel/framework/src/Illuminate/Foundation/Http/Kernel.php(175): Illuminate\\Pipeline\\Pipeline->then()
#51 /nfs/home/shaiidyrov.sergeii/php-learning/laravel/todo-list/vendor/laravel/framework/src/Illuminate/Foundation/Http/Kernel.php(144): Illuminate\\Foundation\\Http\\Kernel->sendRequestThroughRouter()
#52 /nfs/home/shaiidyrov.sergeii/php-learning/laravel/todo-list/vendor/laravel/framework/src/Illuminate/Foundation/Application.php(1219): Illuminate\\Foundation\\Http\\Kernel->handle()
#53 /nfs/home/shaiidyrov.sergeii/php-learning/laravel/todo-list/public/index.php(20): Illuminate\\Foundation\\Application->handleRequest()
#54 /nfs/home/shaiidyrov.sergeii/php-learning/laravel/todo-list/vendor/laravel/framework/src/Illuminate/Foundation/resources/server.php(23): require_once('...')
#55 {main}

[previous exception] [object] (ErrorException(code: 0): Undefined variable $tasks at /nfs/home/shaiidyrov.sergeii/php-learning/laravel/todo-list/storage/framework/views/e3872f00244e186cdfcf2bf56c579d0c.php:76)
[stacktrace]
#0 /nfs/home/shaiidyrov.sergeii/php-learning/laravel/todo-list/vendor/laravel/framework/src/Illuminate/Foundation/Bootstrap/HandleExceptions.php(256): Illuminate\\Foundation\\Bootstrap\\HandleExceptions->handleError()
#1 /nfs/home/shaiidyrov.sergeii/php-learning/laravel/todo-list/storage/framework/views/e3872f00244e186cdfcf2bf56c579d0c.php(76): Illuminate\\Foundation\\Bootstrap\\HandleExceptions->Illuminate\\Foundation\\Bootstrap\\{closure}()
#2 /nfs/home/shaiidyrov.sergeii/php-learning/laravel/todo-list/vendor/laravel/framework/src/Illuminate/Filesystem/Filesystem.php(123): require('...')
#3 /nfs/home/shaiidyrov.sergeii/php-learning/laravel/todo-list/vendor/laravel/framework/src/Illuminate/Filesystem/Filesystem.php(124): Illuminate\\Filesystem\\Filesystem::Illuminate\\Filesystem\\{closure}()
#4 /nfs/home/shaiidyrov.sergeii/php-learning/laravel/todo-list/vendor/laravel/framework/src/Illuminate/View/Engines/PhpEngine.php(57): Illuminate\\Filesystem\\Filesystem->getRequire()
#5 /nfs/home/shaiidyrov.sergeii/php-learning/laravel/todo-list/vendor/laravel/framework/src/Illuminate/View/Engines/CompilerEngine.php(74): Illuminate\\View\\Engines\\PhpEngine->evaluatePath()
#6 /nfs/home/shaiidyrov.sergeii/php-learning/laravel/todo-list/vendor/laravel/framework/src/Illuminate/View/View.php(208): Illuminate\\View\\Engines\\CompilerEngine->get()
#7 /nfs/home/shaiidyrov.sergeii/php-learning/laravel/todo-list/vendor/laravel/framework/src/Illuminate/View/View.php(191): Illuminate\\View\\View->getContents()
#8 /nfs/home/shaiidyrov.sergeii/php-learning/laravel/todo-list/vendor/laravel/framework/src/Illuminate/View/View.php(160): Illuminate\\View\\View->renderContents()
#9 /nfs/home/shaiidyrov.sergeii/php-learning/laravel/todo-list/vendor/laravel/framework/src/Illuminate/Http/Response.php(78): Illuminate\\View\\View->render()
#10 /nfs/home/shaiidyrov.sergeii/php-learning/laravel/todo-list/vendor/laravel/framework/src/Illuminate/Http/Response.php(34): Illuminate\\Http\\Response->setContent()
#11 /nfs/home/shaiidyrov.sergeii/php-learning/laravel/todo-list/vendor/laravel/framework/src/Illuminate/Routing/Router.php(924): Illuminate\\Http\\Response->__construct()
#12 /nfs/home/shaiidyrov.sergeii/php-learning/laravel/todo-list/vendor/laravel/framework/src/Illuminate/Routing/Router.php(891): Illuminate\\Routing\\Router::toResponse()
#13 /nfs/home/shaiidyrov.sergeii/php-learning/laravel/todo-list/vendor/laravel/framework/src/Illuminate/Routing/Router.php(807): Illuminate\\Routing\\Router->prepareResponse()
#14 /nfs/home/shaiidyrov.sergeii/php-learning/laravel/todo-list/vendor/laravel/framework/src/Illuminate/Pipeline/Pipeline.php(169): Illuminate\\Routing\\Router->Illuminate\\Routing\\{closure}()
#15 /nfs/home/shaiidyrov.sergeii/php-learning/laravel/todo-list/vendor/laravel/framework/src/Illuminate/Routing/Middleware/SubstituteBindings.php(50): Illuminate\\Pipeline\\Pipeline->Illuminate\\Pipeline\\{closure}()
#16 /nfs/home/shaiidyrov.sergeii/php-learning/laravel/todo-list/vendor/laravel/framework/src/Illuminate/Pipeline/Pipeline.php(208): Illuminate\\Routing\\Middleware\\SubstituteBindings->handle()
#17 /nfs/home/shaiidyrov.sergeii/php-learning/laravel/todo-list/vendor/laravel/framework/src/Illuminate/Foundation/Http/Middleware/VerifyCsrfToken.php(87): Illuminate\\Pipeline\\Pipeline->Illuminate\\Pipeline\\{closure}()
#18 /nfs/home/shaiidyrov.sergeii/php-learning/laravel/todo-list/vendor/laravel/framework/src/Illuminate/Pipeline/Pipeline.php(208): Illuminate\\Foundation\\Http\\Middleware\\VerifyCsrfToken->handle()
#19 /nfs/home/shaiidyrov.sergeii/php-learning/laravel/todo-list/vendor/laravel/framework/src/Illuminate/View/Middleware/ShareErrorsFromSession.php(48): Illuminate\\Pipeline\\Pipeline->Illuminate\\Pipeline\\{closure}()
#20 /nfs/home/shaiidyrov.sergeii/php-learning/laravel/todo-list/vendor/laravel/framework/src/Illuminate/Pipeline/Pipeline.php(208): Illuminate\\View\\Middleware\\ShareErrorsFromSession->handle()
#21 /nfs/home/shaiidyrov.sergeii/php-learning/laravel/todo-list/vendor/laravel/framework/src/Illuminate/Session/Middleware/StartSession.php(120): Illuminate\\Pipeline\\Pipeline->Illuminate\\Pipeline\\{closure}()
#22 /nfs/home/shaiidyrov.sergeii/php-learning/laravel/todo-list/vendor/laravel/framework/src/Illuminate/Session/Middleware/StartSession.php(63): Illuminate\\Session\\Middleware\\StartSession->handleStatefulRequest()
#23 /nfs/home/shaiidyrov.sergeii/php-learning/laravel/todo-list/vendor/laravel/framework/src/Illuminate/Pipeline/Pipeline.php(208): Illuminate\\Session\\Middleware\\StartSession->handle()
#24 /nfs/home/shaiidyrov.sergeii/php-learning/laravel/todo-list/vendor/laravel/framework/src/Illuminate/Cookie/Middleware/AddQueuedCookiesToResponse.php(36): Illuminate\\Pipeline\\Pipeline->Illuminate\\Pipeline\\{closure}()
#25 /nfs/home/shaiidyrov.sergeii/php-learning/laravel/todo-list/vendor/laravel/framework/src/Illuminate/Pipeline/Pipeline.php(208): Illuminate\\Cookie\\Middleware\\AddQueuedCookiesToResponse->handle()
#26 /nfs/home/shaiidyrov.sergeii/php-learning/laravel/todo-list/vendor/laravel/framework/src/Illuminate/Cookie/Middleware/EncryptCookies.php(74): Illuminate\\Pipeline\\Pipeline->Illuminate\\Pipeline\\{closure}()
#27 /nfs/home/shaiidyrov.sergeii/php-learning/laravel/todo-list/vendor/laravel/framework/src/Illuminate/Pipeline/Pipeline.php(208): Illuminate\\Cookie\\Middleware\\EncryptCookies->handle()
#28 /nfs/home/shaiidyrov.sergeii/php-learning/laravel/todo-list/vendor/laravel/framework/src/Illuminate/Pipeline/Pipeline.php(126): Illuminate\\Pipeline\\Pipeline->Illuminate\\Pipeline\\{closure}()
#29 /nfs/home/shaiidyrov.sergeii/php-learning/laravel/todo-list/vendor/laravel/framework/src/Illuminate/Routing/Router.php(807): Illuminate\\Pipeline\\Pipeline->then()
#30 /nfs/home/shaiidyrov.sergeii/php-learning/laravel/todo-list/vendor/laravel/framework/src/Illuminate/Routing/Router.php(786): Illuminate\\Routing\\Router->runRouteWithinStack()
#31 /nfs/home/shaiidyrov.sergeii/php-learning/laravel/todo-list/vendor/laravel/framework/src/Illuminate/Routing/Router.php(750): Illuminate\\Routing\\Router->runRoute()
#32 /nfs/home/shaiidyrov.sergeii/php-learning/laravel/todo-list/vendor/laravel/framework/src/Illuminate/Routing/Router.php(739): Illuminate\\Routing\\Router->dispatchToRoute()
#33 /nfs/home/shaiidyrov.sergeii/php-learning/laravel/todo-list/vendor/laravel/framework/src/Illuminate/Foundation/Http/Kernel.php(200): Illuminate\\Routing\\Router->dispatch()
#34 /nfs/home/shaiidyrov.sergeii/php-learning/laravel/todo-list/vendor/laravel/framework/src/Illuminate/Pipeline/Pipeline.php(169): Illuminate\\Foundation\\Http\\Kernel->Illuminate\\Foundation\\Http\\{closure}()
#35 /nfs/home/shaiidyrov.sergeii/php-learning/laravel/todo-list/vendor/laravel/framework/src/Illuminate/Foundation/Http/Middleware/TransformsRequest.php(21): Illuminate\\Pipeline\\Pipeline->Illuminate\\Pipeline\\{closure}()
#36 /nfs/home/shaiidyrov.sergeii/php-learning/laravel/todo-list/vendor/laravel/framework/src/Illuminate/Foundation/Http/Middleware/ConvertEmptyStringsToNull.php(31): Illuminate\\Foundation\\Http\\Middleware\\TransformsRequest->handle()
#37 /nfs/home/shaiidyrov.sergeii/php-learning/laravel/todo-list/vendor/laravel/framework/src/Illuminate/Pipeline/Pipeline.php(208): Illuminate\\Foundation\\Http\\Middleware\\ConvertEmptyStringsToNull->handle()
#38 /nfs/home/shaiidyrov.sergeii/php-learning/laravel/todo-list/vendor/laravel/framework/src/Illuminate/Foundation/Http/Middleware/TransformsRequest.php(21): Illuminate\\Pipeline\\Pipeline->Illuminate\\Pipeline\\{closure}()
#39 /nfs/home/shaiidyrov.sergeii/php-learning/laravel/todo-list/vendor/laravel/framework/src/Illuminate/Foundation/Http/Middleware/TrimStrings.php(51): Illuminate\\Foundation\\Http\\Middleware\\TransformsRequest->handle()
#40 /nfs/home/shaiidyrov.sergeii/php-learning/laravel/todo-list/vendor/laravel/framework/src/Illuminate/Pipeline/Pipeline.php(208): Illuminate\\Foundation\\Http\\Middleware\\TrimStrings->handle()
#41 /nfs/home/shaiidyrov.sergeii/php-learning/laravel/todo-list/vendor/laravel/framework/src/Illuminate/Http/Middleware/ValidatePostSize.php(27): Illuminate\\Pipeline\\Pipeline->Illuminate\\Pipeline\\{closure}()
#42 /nfs/home/shaiidyrov.sergeii/php-learning/laravel/todo-list/vendor/laravel/framework/src/Illuminate/Pipeline/Pipeline.php(208): Illuminate\\Http\\Middleware\\ValidatePostSize->handle()
#43 /nfs/home/shaiidyrov.sergeii/php-learning/laravel/todo-list/vendor/laravel/framework/src/Illuminate/Foundation/Http/Middleware/PreventRequestsDuringMaintenance.php(109): Illuminate\\Pipeline\\Pipeline->Illuminate\\Pipeline\\{closure}()
#44 /nfs/home/shaiidyrov.sergeii/php-learning/laravel/todo-list/vendor/laravel/framework/src/Illuminate/Pipeline/Pipeline.php(208): Illuminate\\Foundation\\Http\\Middleware\\PreventRequestsDuringMaintenance->handle()
#45 /nfs/home/shaiidyrov.sergeii/php-learning/laravel/todo-list/vendor/laravel/framework/src/Illuminate/Http/Middleware/HandleCors.php(48): Illuminate\\Pipeline\\Pipeline->Illuminate\\Pipeline\\{closure}()
#46 /nfs/home/shaiidyrov.sergeii/php-learning/laravel/todo-list/vendor/laravel/framework/src/Illuminate/Pipeline/Pipeline.php(208): Illuminate\\Http\\Middleware\\HandleCors->handle()
#47 /nfs/home/shaiidyrov.sergeii/php-learning/laravel/todo-list/vendor/laravel/framework/src/Illuminate/Http/Middleware/TrustProxies.php(58): Illuminate\\Pipeline\\Pipeline->Illuminate\\Pipeline\\{closure}()
#48 /nfs/home/shaiidyrov.sergeii/php-learning/laravel/todo-list/vendor/laravel/framework/src/Illuminate/Pipeline/Pipeline.php(208): Illuminate\\Http\\Middleware\\TrustProxies->handle()
#49 /nfs/home/shaiidyrov.sergeii/php-learning/laravel/todo-list/vendor/laravel/framework/src/Illuminate/Foundation/Http/Middleware/InvokeDeferredCallbacks.php(22): Illuminate\\Pipeline\\Pipeline->Illuminate\\Pipeline\\{closure}()
#50 /nfs/home/shaiidyrov.sergeii/php-learning/laravel/todo-list/vendor/laravel/framework/src/Illuminate/Pipeline/Pipeline.php(208): Illuminate\\Foundation\\Http\\Middleware\\InvokeDeferredCallbacks->handle()
#51 /nfs/home/shaiidyrov.sergeii/php-learning/laravel/todo-list/vendor/laravel/framework/src/Illuminate/Http/Middleware/ValidatePathEncoding.php(26): Illuminate\\Pipeline\\Pipeline->Illuminate\\Pipeline\\{closure}()
#52 /nfs/home/shaiidyrov.sergeii/php-learning/laravel/todo-list/vendor/laravel/framework/src/Illuminate/Pipeline/Pipeline.php(208): Illuminate\\Http\\Middleware\\ValidatePathEncoding->handle()
#53 /nfs/home/shaiidyrov.sergeii/php-learning/laravel/todo-list/vendor/laravel/framework/src/Illuminate/Pipeline/Pipeline.php(126): Illuminate\\Pipeline\\Pipeline->Illuminate\\Pipeline\\{closure}()
#54 /nfs/home/shaiidyrov.sergeii/php-learning/laravel/todo-list/vendor/laravel/framework/src/Illuminate/Foundation/Http/Kernel.php(175): Illuminate\\Pipeline\\Pipeline->then()
#55 /nfs/home/shaiidyrov.sergeii/php-learning/laravel/todo-list/vendor/laravel/framework/src/Illuminate/Foundation/Http/Kernel.php(144): Illuminate\\Foundation\\Http\\Kernel->sendRequestThroughRouter()
#56 /nfs/home/shaiidyrov.sergeii/php-learning/laravel/todo-list/vendor/laravel/framework/src/Illuminate/Foundation/Application.php(1219): Illuminate\\Foundation\\Http\\Kernel->handle()
#57 /nfs/home/shaiidyrov.sergeii/php-learning/laravel/todo-list/public/index.php(20): Illuminate\\Foundation\\Application->handleRequest()
#58 /nfs/home/shaiidyrov.sergeii/php-learning/laravel/todo-list/vendor/laravel/framework/src/Illuminate/Foundation/resources/server.php(23): require_once('...')
#59 {main}
"} 
